<?xml version="1.0" encoding="UTF-8"?>
<!-- Generated by org.testng.reporters.JUnitReportReporter -->
<testsuite skipped="0" hostname="john-PC" name="DriverFactory.DriverScript" tests="1" failures="0" timestamp="05 Feb 2020 04:37:45 GMT" time="56.196" errors="0">
  <testcase name="startTest" time="56.196" classname="DriverFactory.DriverScript"/>
</testsuite> <!-- DriverFactory.DriverScript -->
