<?xml version="1.0" encoding="UTF-8"?>
<!-- Generated by org.testng.reporters.JUnitReportReporter -->
<testsuite skipped="0" hostname="john-PC" name="DriverFactory.TestScript" tests="2" failures="0" timestamp="04 Feb 2020 03:56:09 GMT" time="93.393" errors="0">
  <testcase name="empCreation" time="43.927" classname="DriverFactory.TestScript"/>
  <testcase name="usercreation" time="49.466" classname="DriverFactory.TestScript"/>
</testsuite> <!-- DriverFactory.TestScript -->
