<?xml version="1.0" encoding="UTF-8"?>
<!-- Generated by org.testng.reporters.JUnitReportReporter -->
<testsuite skipped="0" hostname="john-PC" name="feb5.GmailLogin1" tests="1" failures="0" timestamp="05 Feb 2020 02:42:36 GMT" time="10.002" errors="0">
  <testcase name="login" time="10.002" classname="feb5.GmailLogin1"/>
</testsuite> <!-- feb5.GmailLogin1 -->
