<?xml version="1.0" encoding="UTF-8"?>
<!-- Generated by org.testng.reporters.JUnitReportReporter -->
<testsuite skipped="0" hostname="john-PC" name="feb6.DataProvider_readwrite" tests="7" failures="0" timestamp="06 Feb 2020 03:50:23 GMT" time="38.735" errors="0">
  <testcase name="VerifyLogin" time="11.283" classname="feb6.DataProvider_readwrite"/>
  <testcase name="VerifyLogin" time="4.963" classname="feb6.DataProvider_readwrite"/>
  <testcase name="VerifyLogin" time="4.156" classname="feb6.DataProvider_readwrite"/>
  <testcase name="VerifyLogin" time="4.414" classname="feb6.DataProvider_readwrite"/>
  <testcase name="VerifyLogin" time="4.977" classname="feb6.DataProvider_readwrite"/>
  <testcase name="VerifyLogin" time="4.855" classname="feb6.DataProvider_readwrite"/>
  <testcase name="VerifyLogin" time="4.087" classname="feb6.DataProvider_readwrite"/>
</testsuite> <!-- feb6.DataProvider_readwrite -->
