<?xml version="1.0" encoding="UTF-8"?>
<!-- Generated by org.testng.reporters.JUnitReportReporter -->
<testsuite skipped="0" hostname="john-PC" name="DriverFactory.DriverScript" tests="1" failures="0" timestamp="03 Feb 2020 03:43:03 GMT" time="52.769" errors="0">
  <testcase name="startTest" time="52.769" classname="DriverFactory.DriverScript"/>
</testsuite> <!-- DriverFactory.DriverScript -->
