<?xml version="1.0" encoding="UTF-8"?>
<!-- Generated by org.testng.reporters.JUnitReportReporter -->
<testsuite skipped="0" hostname="john-PC" name="feb5.GmailLogin" tests="1" failures="0" timestamp="05 Feb 2020 02:27:11 GMT" time="9.573" errors="0">
  <testcase name="login" time="9.573" classname="feb5.GmailLogin"/>
</testsuite> <!-- feb5.GmailLogin -->
