<?xml version="1.0" encoding="UTF-8"?>
<!-- Generated by org.testng.reporters.JUnitReportReporter -->
<testsuite skipped="0" hostname="john-PC" name="feb6.OrangeHRM" tests="5" failures="0" timestamp="06 Feb 2020 03:36:15 GMT" time="37.487" errors="0">
  <testcase name="VerifyLogin" time="6.853" classname="feb6.OrangeHRM"/>
  <testcase name="VerifyLogin" time="6.225" classname="feb6.OrangeHRM"/>
  <testcase name="VerifyLogin" time="6.748" classname="feb6.OrangeHRM"/>
  <testcase name="VerifyLogin" time="10.873" classname="feb6.OrangeHRM"/>
  <testcase name="VerifyLogin" time="6.788" classname="feb6.OrangeHRM"/>
</testsuite> <!-- feb6.OrangeHRM -->
