<?xml version="1.0" encoding="UTF-8"?>
<!-- Generated by org.testng.reporters.JUnitReportReporter -->
<testsuite skipped="0" hostname="john-PC" name="feb6.UsingWebdriverCrossbrowser" tests="2" failures="0" timestamp="06 Feb 2020 03:00:32 GMT" time="18.333" errors="0">
  <testcase name="login" time="7.527" classname="feb6.UsingWebdriverCrossbrowser"/>
  <testcase name="login" time="10.806" classname="feb6.UsingWebdriverCrossbrowser"/>
</testsuite> <!-- feb6.UsingWebdriverCrossbrowser -->
